2016-07-21 15:31:07,841 [Worker-19] INFO  o.e.m.c.i.p.ProjectConfigurationManager - Collecting project info '/pom.xml' /Users/takamichi/Desktop/結合/white/springboot-rest-demo/pom.xml
2016-07-21 15:31:11,043 [Worker-19] INFO  o.e.m.c.i.l.LifecycleMappingFactory - Using org.eclipse.m2e.jdt.JarLifecycleMapping lifecycle mapping for MavenProject: net.javabeat:springboot-rest-demo:0.0.1-SNAPSHOT @ /Users/takamichi/Desktop/結合/white/springboot-rest-demo/pom.xml.
2016-07-21 15:31:12,784 [Worker-19] INFO  o.e.m.j.i.AbstractJavaProjectConfigurator - Adding source folder /springboot-rest-demo/src/main/java
2016-07-21 15:31:12,788 [Worker-19] INFO  o.e.m.j.i.AbstractJavaProjectConfigurator - Adding source folder /springboot-rest-demo/src/test/java
2016-07-21 15:31:13,158 [Worker-19] INFO  o.e.m.c.i.p.ProjectConfigurationManager - Imported and configured 1 project(s) in 5 sec
2016-07-21 15:31:14,909 [Worker-2] INFO  o.e.m.c.i.embedder.EclipseLogger - Using 'UTF-8' encoding to copy filtered resources.
2016-07-21 15:31:14,910 [Worker-2] INFO  o.e.m.c.i.embedder.EclipseLogger - skip non existing resourceDirectory /Users/takamichi/Desktop/結合/white/springboot-rest-demo/src/main/resources
2016-07-21 15:31:14,917 [Worker-2] INFO  o.e.m.c.i.embedder.EclipseLogger - Using 'UTF-8' encoding to copy filtered resources.
2016-07-21 15:31:14,917 [Worker-2] INFO  o.e.m.c.i.embedder.EclipseLogger - skip non existing resourceDirectory /Users/takamichi/Desktop/結合/white/springboot-rest-demo/src/test/resources
2016-07-21 15:34:21,384 [Worker-22] INFO  o.e.m.c.i.e.AbstractTransferListenerAdapter - https://repo.maven.apache.org/maven2/org/springframework/boot/spring-boot-starter-parent/1.2.3.RELEASE/spring-boot-starter-parent-1.2.3.RELEASE.pom のダウンロード中
2016-07-21 15:34:21,572 [Worker-22] INFO  o.e.m.c.i.e.AbstractTransferListenerAdapter - Downloaded https://repo.maven.apache.org/maven2/org/springframework/boot/spring-boot-starter-parent/1.2.3.RELEASE/spring-boot-starter-parent-1.2.3.RELEASE.pom
2016-07-21 15:34:21,721 [Worker-22] INFO  o.e.m.c.i.e.AbstractTransferListenerAdapter - https://repo.maven.apache.org/maven2/org/springframework/boot/spring-boot-dependencies/1.2.3.RELEASE/spring-boot-dependencies-1.2.3.RELEASE.pom のダウンロード中
2016-07-21 15:34:22,138 [Worker-22] INFO  o.e.m.c.i.e.AbstractTransferListenerAdapter - Downloaded https://repo.maven.apache.org/maven2/org/springframework/boot/spring-boot-dependencies/1.2.3.RELEASE/spring-boot-dependencies-1.2.3.RELEASE.pom
2016-07-21 15:34:22,335 [Worker-22] INFO  o.e.m.c.i.e.AbstractTransferListenerAdapter - https://repo.maven.apache.org/maven2/org/springframework/spring-framework-bom/4.1.6.RELEASE/spring-framework-bom-4.1.6.RELEASE.pom のダウンロード中
2016-07-21 15:34:22,473 [Worker-22] INFO  o.e.m.c.i.e.AbstractTransferListenerAdapter - Downloaded https://repo.maven.apache.org/maven2/org/springframework/spring-framework-bom/4.1.6.RELEASE/spring-framework-bom-4.1.6.RELEASE.pom
2016-07-21 15:34:22,622 [Worker-22] INFO  o.e.m.c.i.e.AbstractTransferListenerAdapter - https://repo.maven.apache.org/maven2/org/springframework/data/spring-data-releasetrain/Evans-SR2/spring-data-releasetrain-Evans-SR2.pom のダウンロード中
2016-07-21 15:34:22,763 [Worker-22] INFO  o.e.m.c.i.e.AbstractTransferListenerAdapter - Downloaded https://repo.maven.apache.org/maven2/org/springframework/data/spring-data-releasetrain/Evans-SR2/spring-data-releasetrain-Evans-SR2.pom
2016-07-21 15:34:22,905 [Worker-22] INFO  o.e.m.c.i.e.AbstractTransferListenerAdapter - https://repo.maven.apache.org/maven2/org/springframework/data/build/spring-data-build/1.5.2.RELEASE/spring-data-build-1.5.2.RELEASE.pom のダウンロード中
2016-07-21 15:34:23,050 [Worker-22] INFO  o.e.m.c.i.e.AbstractTransferListenerAdapter - Downloaded https://repo.maven.apache.org/maven2/org/springframework/data/build/spring-data-build/1.5.2.RELEASE/spring-data-build-1.5.2.RELEASE.pom
2016-07-21 15:34:23,197 [Worker-22] INFO  o.e.m.c.i.e.AbstractTransferListenerAdapter - https://repo.maven.apache.org/maven2/org/springframework/integration/spring-integration-bom/4.1.2.RELEASE/spring-integration-bom-4.1.2.RELEASE.pom のダウンロード中
2016-07-21 15:34:23,341 [Worker-22] INFO  o.e.m.c.i.e.AbstractTransferListenerAdapter - Downloaded https://repo.maven.apache.org/maven2/org/springframework/integration/spring-integration-bom/4.1.2.RELEASE/spring-integration-bom-4.1.2.RELEASE.pom
2016-07-21 15:34:23,517 [Worker-22] INFO  o.e.m.c.i.e.AbstractTransferListenerAdapter - https://repo.maven.apache.org/maven2/org/springframework/security/spring-security-bom/3.2.7.RELEASE/spring-security-bom-3.2.7.RELEASE.pom のダウンロード中
2016-07-21 15:34:23,666 [Worker-22] INFO  o.e.m.c.i.e.AbstractTransferListenerAdapter - Downloaded https://repo.maven.apache.org/maven2/org/springframework/security/spring-security-bom/3.2.7.RELEASE/spring-security-bom-3.2.7.RELEASE.pom
2016-07-21 15:34:24,163 [Worker-22] INFO  o.e.m.c.i.e.AbstractTransferListenerAdapter - https://repo.maven.apache.org/maven2/org/apache/maven/plugins/maven-surefire-plugin/2.17/maven-surefire-plugin-2.17.jar のダウンロード中
2016-07-21 15:34:24,320 [Worker-22] INFO  o.e.m.c.i.e.AbstractTransferListenerAdapter - Downloaded https://repo.maven.apache.org/maven2/org/apache/maven/plugins/maven-surefire-plugin/2.17/maven-surefire-plugin-2.17.jar
2016-07-21 15:34:24,560 [Worker-22] INFO  o.e.m.c.i.e.AbstractTransferListenerAdapter - https://repo.maven.apache.org/maven2/org/apache/maven/plugins/maven-jar-plugin/2.5/maven-jar-plugin-2.5.jar のダウンロード中
2016-07-21 15:34:24,717 [Worker-22] INFO  o.e.m.c.i.e.AbstractTransferListenerAdapter - Downloaded https://repo.maven.apache.org/maven2/org/apache/maven/plugins/maven-jar-plugin/2.5/maven-jar-plugin-2.5.jar
2016-07-21 15:34:24,910 [Worker-22] INFO  o.e.m.c.i.e.AbstractTransferListenerAdapter - https://repo.maven.apache.org/maven2/org/apache/maven/plugins/maven-install-plugin/2.5.2/maven-install-plugin-2.5.2.jar のダウンロード中
2016-07-21 15:34:25,063 [Worker-22] INFO  o.e.m.c.i.e.AbstractTransferListenerAdapter - Downloaded https://repo.maven.apache.org/maven2/org/apache/maven/plugins/maven-install-plugin/2.5.2/maven-install-plugin-2.5.2.jar
2016-07-21 15:34:25,225 [Worker-22] INFO  o.e.m.c.i.e.AbstractTransferListenerAdapter - https://repo.maven.apache.org/maven2/org/apache/maven/plugins/maven-deploy-plugin/2.8.2/maven-deploy-plugin-2.8.2.jar のダウンロード中
2016-07-21 15:34:25,395 [Worker-22] INFO  o.e.m.c.i.e.AbstractTransferListenerAdapter - Downloaded https://repo.maven.apache.org/maven2/org/apache/maven/plugins/maven-deploy-plugin/2.8.2/maven-deploy-plugin-2.8.2.jar
2016-07-21 15:34:25,651 [Worker-22] INFO  o.e.m.c.i.e.AbstractTransferListenerAdapter - https://repo.maven.apache.org/maven2/org/apache/maven/plugins/maven-site-plugin/3.4/maven-site-plugin-3.4.jar のダウンロード中
2016-07-21 15:34:26,133 [Worker-22] INFO  o.e.m.c.i.e.AbstractTransferListenerAdapter - Downloaded https://repo.maven.apache.org/maven2/org/apache/maven/plugins/maven-site-plugin/3.4/maven-site-plugin-3.4.jar
2016-07-21 15:34:27,744 [Worker-22] INFO  o.e.m.c.i.l.LifecycleMappingFactory - Using org.eclipse.m2e.jdt.JarLifecycleMapping lifecycle mapping for MavenProject: net.javabeat:springboot-rest-demo:0.0.1-SNAPSHOT @ /Users/takamichi/Desktop/結合/white/springboot-rest-demo/pom.xml.
2016-07-21 15:34:28,122 [Worker-22] INFO  o.e.m.c.i.e.AbstractTransferListenerAdapter - https://repo.maven.apache.org/maven2/org/apache/maven/plugins/maven-jar-plugin/2.5/maven-jar-plugin-2.5.pom のダウンロード中
2016-07-21 15:34:28,261 [Worker-22] INFO  o.e.m.c.i.e.AbstractTransferListenerAdapter - Downloaded https://repo.maven.apache.org/maven2/org/apache/maven/plugins/maven-jar-plugin/2.5/maven-jar-plugin-2.5.pom
2016-07-21 15:34:28,425 [Worker-22] INFO  o.e.m.c.i.e.AbstractTransferListenerAdapter - https://repo.maven.apache.org/maven2/org/apache/maven/plugins/maven-plugins/25/maven-plugins-25.pom のダウンロード中
2016-07-21 15:34:28,578 [Worker-22] INFO  o.e.m.c.i.e.AbstractTransferListenerAdapter - Downloaded https://repo.maven.apache.org/maven2/org/apache/maven/plugins/maven-plugins/25/maven-plugins-25.pom
2016-07-21 15:34:28,798 [Worker-22] INFO  o.e.m.c.i.embedder.EclipseLogger - Using 'UTF-8' encoding to copy filtered resources.
2016-07-21 15:34:28,798 [Worker-22] INFO  o.e.m.c.i.embedder.EclipseLogger - skip non existing resourceDirectory /Users/takamichi/Desktop/結合/white/springboot-rest-demo/src/main/resources
2016-07-21 15:34:28,798 [Worker-22] INFO  o.e.m.c.i.embedder.EclipseLogger - skip non existing resourceDirectory /Users/takamichi/Desktop/結合/white/springboot-rest-demo/src/main/resources
2016-07-21 15:34:28,802 [Worker-22] INFO  o.e.m.c.i.embedder.EclipseLogger - Using 'UTF-8' encoding to copy filtered resources.
2016-07-21 15:34:28,802 [Worker-22] INFO  o.e.m.c.i.embedder.EclipseLogger - skip non existing resourceDirectory /Users/takamichi/Desktop/結合/white/springboot-rest-demo/src/test/resources
2016-07-21 15:34:28,951 [Worker-22] INFO  o.e.m.c.i.e.AbstractTransferListenerAdapter - https://repo.maven.apache.org/maven2/org/apache/maven/plugins/maven-surefire-plugin/2.17/maven-surefire-plugin-2.17.pom のダウンロード中
2016-07-21 15:34:29,086 [Worker-22] INFO  o.e.m.c.i.e.AbstractTransferListenerAdapter - Downloaded https://repo.maven.apache.org/maven2/org/apache/maven/plugins/maven-surefire-plugin/2.17/maven-surefire-plugin-2.17.pom
2016-07-21 15:34:29,228 [Worker-22] INFO  o.e.m.c.i.e.AbstractTransferListenerAdapter - https://repo.maven.apache.org/maven2/org/apache/maven/surefire/surefire/2.17/surefire-2.17.pom のダウンロード中
2016-07-21 15:34:29,370 [Worker-22] INFO  o.e.m.c.i.e.AbstractTransferListenerAdapter - Downloaded https://repo.maven.apache.org/maven2/org/apache/maven/surefire/surefire/2.17/surefire-2.17.pom
2016-07-21 15:34:29,868 [Worker-22] INFO  o.e.m.c.i.e.AbstractTransferListenerAdapter - https://repo.maven.apache.org/maven2/org/codehaus/plexus/plexus-utils/3.0.15/plexus-utils-3.0.15.pom のダウンロード中
2016-07-21 15:34:30,001 [Worker-22] INFO  o.e.m.c.i.e.AbstractTransferListenerAdapter - Downloaded https://repo.maven.apache.org/maven2/org/codehaus/plexus/plexus-utils/3.0.15/plexus-utils-3.0.15.pom
2016-07-21 15:34:30,246 [Worker-22] INFO  o.e.m.c.i.e.AbstractTransferListenerAdapter - https://repo.maven.apache.org/maven2/org/codehaus/plexus/plexus-utils/3.0.15/plexus-utils-3.0.15.jar のダウンロード中
2016-07-21 15:34:30,733 [Worker-22] INFO  o.e.m.c.i.e.AbstractTransferListenerAdapter - Downloaded https://repo.maven.apache.org/maven2/org/codehaus/plexus/plexus-utils/3.0.15/plexus-utils-3.0.15.jar
2016-07-21 23:02:08,130 [Worker-11] INFO  o.e.m.c.i.l.LifecycleMappingFactory - Using org.eclipse.m2e.jdt.JarLifecycleMapping lifecycle mapping for MavenProject: net.javabeat:springboot-rest-demo:0.0.1-SNAPSHOT @ /Users/takamichi/Desktop/結合/white/springboot-rest-demo/pom.xml.
2016-07-21 23:02:08,131 [Worker-18] INFO  o.e.m.c.i.l.LifecycleMappingFactory - Using org.eclipse.m2e.jdt.JarLifecycleMapping lifecycle mapping for MavenProject: net.javabeat:springboot-rest-demo:0.0.1-SNAPSHOT @ /Users/takamichi/Desktop/結合/white/springboot-rest-demo/pom.xml.
2016-07-21 23:02:11,004 [Worker-18] INFO  o.e.m.c.i.embedder.EclipseLogger - Using 'UTF-8' encoding to copy filtered resources.
2016-07-21 23:02:11,005 [Worker-18] INFO  o.e.m.c.i.embedder.EclipseLogger - skip non existing resourceDirectory /Users/takamichi/Desktop/結合/white/springboot-rest-demo/src/main/resources
2016-07-21 23:02:11,005 [Worker-18] INFO  o.e.m.c.i.embedder.EclipseLogger - skip non existing resourceDirectory /Users/takamichi/Desktop/結合/white/springboot-rest-demo/src/main/resources
2016-07-21 23:02:11,440 [Worker-18] INFO  o.e.m.c.i.embedder.EclipseLogger - Using 'UTF-8' encoding to copy filtered resources.
2016-07-21 23:02:11,440 [Worker-18] INFO  o.e.m.c.i.embedder.EclipseLogger - skip non existing resourceDirectory /Users/takamichi/Desktop/結合/white/springboot-rest-demo/src/test/resources
2016-07-21 23:02:11,674 [Worker-9] INFO  o.e.m.c.i.l.LifecycleMappingFactory - Using org.eclipse.m2e.jdt.JarLifecycleMapping lifecycle mapping for MavenProject: net.javabeat:springboot-rest-demo:0.0.1-SNAPSHOT @ /Users/takamichi/Desktop/結合/white/springboot-rest-demo/pom.xml.
2016-07-21 23:02:13,671 [Worker-2] INFO  o.e.m.c.i.embedder.EclipseLogger - Using 'UTF-8' encoding to copy filtered resources.
2016-07-21 23:02:13,671 [Worker-2] INFO  o.e.m.c.i.embedder.EclipseLogger - skip non existing resourceDirectory /Users/takamichi/Desktop/結合/white/springboot-rest-demo/src/main/resources
2016-07-21 23:02:13,672 [Worker-2] INFO  o.e.m.c.i.embedder.EclipseLogger - skip non existing resourceDirectory /Users/takamichi/Desktop/結合/white/springboot-rest-demo/src/main/resources
2016-07-21 23:02:13,676 [Worker-2] INFO  o.e.m.c.i.embedder.EclipseLogger - Using 'UTF-8' encoding to copy filtered resources.
2016-07-21 23:02:13,676 [Worker-2] INFO  o.e.m.c.i.embedder.EclipseLogger - skip non existing resourceDirectory /Users/takamichi/Desktop/結合/white/springboot-rest-demo/src/test/resources
2016-07-21 23:05:08,407 [Worker-19] INFO  o.e.m.c.i.e.AbstractTransferListenerAdapter - https://repo.maven.apache.org/maven2/org/springframework/boot/spring-boot-starter-parent/1.3.6.RELEASE/spring-boot-starter-parent-1.3.6.RELEASE.pom のダウンロード中
2016-07-21 23:05:08,822 [Worker-19] INFO  o.e.m.c.i.e.AbstractTransferListenerAdapter - Downloaded https://repo.maven.apache.org/maven2/org/springframework/boot/spring-boot-starter-parent/1.3.6.RELEASE/spring-boot-starter-parent-1.3.6.RELEASE.pom
2016-07-21 23:05:09,192 [Worker-19] INFO  o.e.m.c.i.e.AbstractTransferListenerAdapter - https://repo.maven.apache.org/maven2/org/springframework/boot/spring-boot-dependencies/1.3.6.RELEASE/spring-boot-dependencies-1.3.6.RELEASE.pom のダウンロード中
2016-07-21 23:05:09,880 [Worker-19] INFO  o.e.m.c.i.e.AbstractTransferListenerAdapter - Downloaded https://repo.maven.apache.org/maven2/org/springframework/boot/spring-boot-dependencies/1.3.6.RELEASE/spring-boot-dependencies-1.3.6.RELEASE.pom
2016-07-21 23:05:10,262 [Worker-19] INFO  o.e.m.c.i.e.AbstractTransferListenerAdapter - https://repo.maven.apache.org/maven2/org/springframework/spring-framework-bom/4.2.7.RELEASE/spring-framework-bom-4.2.7.RELEASE.pom のダウンロード中
2016-07-21 23:05:10,471 [Worker-19] INFO  o.e.m.c.i.e.AbstractTransferListenerAdapter - Downloaded https://repo.maven.apache.org/maven2/org/springframework/spring-framework-bom/4.2.7.RELEASE/spring-framework-bom-4.2.7.RELEASE.pom
2016-07-21 23:05:10,759 [Worker-19] INFO  o.e.m.c.i.e.AbstractTransferListenerAdapter - https://repo.maven.apache.org/maven2/org/springframework/data/spring-data-releasetrain/Gosling-SR4/spring-data-releasetrain-Gosling-SR4.pom のダウンロード中
2016-07-21 23:05:10,979 [Worker-19] INFO  o.e.m.c.i.e.AbstractTransferListenerAdapter - Downloaded https://repo.maven.apache.org/maven2/org/springframework/data/spring-data-releasetrain/Gosling-SR4/spring-data-releasetrain-Gosling-SR4.pom
2016-07-21 23:05:11,209 [Worker-19] INFO  o.e.m.c.i.e.AbstractTransferListenerAdapter - https://repo.maven.apache.org/maven2/org/springframework/data/build/spring-data-build/1.7.4.RELEASE/spring-data-build-1.7.4.RELEASE.pom のダウンロード中
2016-07-21 23:05:11,378 [Worker-19] INFO  o.e.m.c.i.e.AbstractTransferListenerAdapter - Downloaded https://repo.maven.apache.org/maven2/org/springframework/data/build/spring-data-build/1.7.4.RELEASE/spring-data-build-1.7.4.RELEASE.pom
2016-07-21 23:05:11,678 [Worker-19] INFO  o.e.m.c.i.e.AbstractTransferListenerAdapter - https://repo.maven.apache.org/maven2/org/springframework/integration/spring-integration-bom/4.2.8.RELEASE/spring-integration-bom-4.2.8.RELEASE.pom のダウンロード中
2016-07-21 23:05:12,094 [Worker-19] INFO  o.e.m.c.i.e.AbstractTransferListenerAdapter - Downloaded https://repo.maven.apache.org/maven2/org/springframework/integration/spring-integration-bom/4.2.8.RELEASE/spring-integration-bom-4.2.8.RELEASE.pom
2016-07-21 23:05:12,601 [Worker-19] INFO  o.e.m.c.i.e.AbstractTransferListenerAdapter - https://repo.maven.apache.org/maven2/org/springframework/security/spring-security-bom/4.0.4.RELEASE/spring-security-bom-4.0.4.RELEASE.pom のダウンロード中
2016-07-21 23:05:12,840 [Worker-19] INFO  o.e.m.c.i.e.AbstractTransferListenerAdapter - Downloaded https://repo.maven.apache.org/maven2/org/springframework/security/spring-security-bom/4.0.4.RELEASE/spring-security-bom-4.0.4.RELEASE.pom
2016-07-21 23:05:14,243 [Worker-19] INFO  o.e.m.c.i.e.AbstractTransferListenerAdapter - https://repo.maven.apache.org/maven2/org/springframework/boot/spring-boot-maven-plugin/1.3.6.RELEASE/spring-boot-maven-plugin-1.3.6.RELEASE.pom のダウンロード中
2016-07-21 23:05:14,499 [Worker-19] INFO  o.e.m.c.i.e.AbstractTransferListenerAdapter - Downloaded https://repo.maven.apache.org/maven2/org/springframework/boot/spring-boot-maven-plugin/1.3.6.RELEASE/spring-boot-maven-plugin-1.3.6.RELEASE.pom
2016-07-21 23:05:14,952 [Worker-19] INFO  o.e.m.c.i.e.AbstractTransferListenerAdapter - https://repo.maven.apache.org/maven2/org/springframework/boot/spring-boot-tools/1.3.6.RELEASE/spring-boot-tools-1.3.6.RELEASE.pom のダウンロード中
2016-07-21 23:05:15,173 [Worker-19] INFO  o.e.m.c.i.e.AbstractTransferListenerAdapter - Downloaded https://repo.maven.apache.org/maven2/org/springframework/boot/spring-boot-tools/1.3.6.RELEASE/spring-boot-tools-1.3.6.RELEASE.pom
2016-07-21 23:05:15,568 [Worker-19] INFO  o.e.m.c.i.e.AbstractTransferListenerAdapter - https://repo.maven.apache.org/maven2/org/springframework/boot/spring-boot-parent/1.3.6.RELEASE/spring-boot-parent-1.3.6.RELEASE.pom のダウンロード中
2016-07-21 23:05:16,045 [Worker-19] INFO  o.e.m.c.i.e.AbstractTransferListenerAdapter - Downloaded https://repo.maven.apache.org/maven2/org/springframework/boot/spring-boot-parent/1.3.6.RELEASE/spring-boot-parent-1.3.6.RELEASE.pom
2016-07-21 23:05:16,316 [Worker-19] INFO  o.e.m.c.i.e.AbstractTransferListenerAdapter - https://repo.maven.apache.org/maven2/org/springframework/boot/spring-boot-maven-plugin/1.3.6.RELEASE/spring-boot-maven-plugin-1.3.6.RELEASE.jar のダウンロード中
2016-07-21 23:05:16,932 [Worker-19] INFO  o.e.m.c.i.e.AbstractTransferListenerAdapter - Downloaded https://repo.maven.apache.org/maven2/org/springframework/boot/spring-boot-maven-plugin/1.3.6.RELEASE/spring-boot-maven-plugin-1.3.6.RELEASE.jar
2016-07-21 23:05:17,474 [Worker-19] INFO  o.e.m.c.i.e.AbstractTransferListenerAdapter - https://repo.maven.apache.org/maven2/org/apache/maven/plugins/maven-surefire-plugin/2.18.1/maven-surefire-plugin-2.18.1.jar のダウンロード中
2016-07-21 23:05:17,823 [Worker-19] INFO  o.e.m.c.i.e.AbstractTransferListenerAdapter - Downloaded https://repo.maven.apache.org/maven2/org/apache/maven/plugins/maven-surefire-plugin/2.18.1/maven-surefire-plugin-2.18.1.jar
2016-07-21 23:05:20,028 [Worker-19] INFO  o.e.m.c.i.l.LifecycleMappingFactory - Using org.eclipse.m2e.jdt.JarLifecycleMapping lifecycle mapping for MavenProject: com.example:demo:0.0.1-SNAPSHOT @ /Users/takamichi/Desktop/結合/white/demo/pom.xml.
2016-07-21 23:05:20,379 [Worker-19] INFO  o.e.m.c.i.e.AbstractTransferListenerAdapter - https://repo.maven.apache.org/maven2/org/springframework/boot/spring-boot-starter-web/1.3.6.RELEASE/spring-boot-starter-web-1.3.6.RELEASE.pom のダウンロード中
2016-07-21 23:05:20,629 [Worker-19] INFO  o.e.m.c.i.e.AbstractTransferListenerAdapter - Downloaded https://repo.maven.apache.org/maven2/org/springframework/boot/spring-boot-starter-web/1.3.6.RELEASE/spring-boot-starter-web-1.3.6.RELEASE.pom
2016-07-21 23:05:20,874 [Worker-19] INFO  o.e.m.c.i.e.AbstractTransferListenerAdapter - https://repo.maven.apache.org/maven2/org/springframework/boot/spring-boot-starters/1.3.6.RELEASE/spring-boot-starters-1.3.6.RELEASE.pom のダウンロード中
2016-07-21 23:05:21,120 [Worker-19] INFO  o.e.m.c.i.e.AbstractTransferListenerAdapter - Downloaded https://repo.maven.apache.org/maven2/org/springframework/boot/spring-boot-starters/1.3.6.RELEASE/spring-boot-starters-1.3.6.RELEASE.pom
2016-07-21 23:05:21,334 [Worker-19] INFO  o.e.m.c.i.e.AbstractTransferListenerAdapter - https://repo.maven.apache.org/maven2/org/springframework/boot/spring-boot-starter/1.3.6.RELEASE/spring-boot-starter-1.3.6.RELEASE.pom のダウンロード中
2016-07-21 23:05:21,553 [Worker-19] INFO  o.e.m.c.i.e.AbstractTransferListenerAdapter - Downloaded https://repo.maven.apache.org/maven2/org/springframework/boot/spring-boot-starter/1.3.6.RELEASE/spring-boot-starter-1.3.6.RELEASE.pom
2016-07-21 23:05:21,784 [Worker-19] INFO  o.e.m.c.i.e.AbstractTransferListenerAdapter - https://repo.maven.apache.org/maven2/org/springframework/boot/spring-boot/1.3.6.RELEASE/spring-boot-1.3.6.RELEASE.pom のダウンロード中
2016-07-21 23:05:22,017 [Worker-19] INFO  o.e.m.c.i.e.AbstractTransferListenerAdapter - Downloaded https://repo.maven.apache.org/maven2/org/springframework/boot/spring-boot/1.3.6.RELEASE/spring-boot-1.3.6.RELEASE.pom
2016-07-21 23:05:22,227 [Worker-19] INFO  o.e.m.c.i.e.AbstractTransferListenerAdapter - https://repo.maven.apache.org/maven2/org/springframework/spring-core/4.2.7.RELEASE/spring-core-4.2.7.RELEASE.pom のダウンロード中
2016-07-21 23:05:22,437 [Worker-19] INFO  o.e.m.c.i.e.AbstractTransferListenerAdapter - Downloaded https://repo.maven.apache.org/maven2/org/springframework/spring-core/4.2.7.RELEASE/spring-core-4.2.7.RELEASE.pom
2016-07-21 23:05:22,739 [Worker-19] INFO  o.e.m.c.i.e.AbstractTransferListenerAdapter - https://repo.maven.apache.org/maven2/org/springframework/spring-context/4.2.7.RELEASE/spring-context-4.2.7.RELEASE.pom のダウンロード中
2016-07-21 23:05:22,978 [Worker-19] INFO  o.e.m.c.i.e.AbstractTransferListenerAdapter - Downloaded https://repo.maven.apache.org/maven2/org/springframework/spring-context/4.2.7.RELEASE/spring-context-4.2.7.RELEASE.pom
2016-07-21 23:05:23,216 [Worker-19] INFO  o.e.m.c.i.e.AbstractTransferListenerAdapter - https://repo.maven.apache.org/maven2/org/springframework/spring-aop/4.2.7.RELEASE/spring-aop-4.2.7.RELEASE.pom のダウンロード中
2016-07-21 23:05:23,421 [Worker-19] INFO  o.e.m.c.i.e.AbstractTransferListenerAdapter - Downloaded https://repo.maven.apache.org/maven2/org/springframework/spring-aop/4.2.7.RELEASE/spring-aop-4.2.7.RELEASE.pom
2016-07-21 23:05:23,729 [Worker-19] INFO  o.e.m.c.i.e.AbstractTransferListenerAdapter - https://repo.maven.apache.org/maven2/org/springframework/spring-beans/4.2.7.RELEASE/spring-beans-4.2.7.RELEASE.pom のダウンロード中
2016-07-21 23:05:24,080 [Worker-19] INFO  o.e.m.c.i.e.AbstractTransferListenerAdapter - Downloaded https://repo.maven.apache.org/maven2/org/springframework/spring-beans/4.2.7.RELEASE/spring-beans-4.2.7.RELEASE.pom
2016-07-21 23:05:24,348 [Worker-19] INFO  o.e.m.c.i.e.AbstractTransferListenerAdapter - https://repo.maven.apache.org/maven2/org/springframework/spring-expression/4.2.7.RELEASE/spring-expression-4.2.7.RELEASE.pom のダウンロード中
2016-07-21 23:05:24,680 [Worker-19] INFO  o.e.m.c.i.e.AbstractTransferListenerAdapter - Downloaded https://repo.maven.apache.org/maven2/org/springframework/spring-expression/4.2.7.RELEASE/spring-expression-4.2.7.RELEASE.pom
2016-07-21 23:05:24,900 [Worker-19] INFO  o.e.m.c.i.e.AbstractTransferListenerAdapter - https://repo.maven.apache.org/maven2/org/springframework/boot/spring-boot-autoconfigure/1.3.6.RELEASE/spring-boot-autoconfigure-1.3.6.RELEASE.pom のダウンロード中
2016-07-21 23:05:25,128 [Worker-19] INFO  o.e.m.c.i.e.AbstractTransferListenerAdapter - Downloaded https://repo.maven.apache.org/maven2/org/springframework/boot/spring-boot-autoconfigure/1.3.6.RELEASE/spring-boot-autoconfigure-1.3.6.RELEASE.pom
2016-07-21 23:05:25,402 [Worker-19] INFO  o.e.m.c.i.e.AbstractTransferListenerAdapter - https://repo.maven.apache.org/maven2/org/springframework/boot/spring-boot-starter-logging/1.3.6.RELEASE/spring-boot-starter-logging-1.3.6.RELEASE.pom のダウンロード中
2016-07-21 23:05:25,697 [Worker-19] INFO  o.e.m.c.i.e.AbstractTransferListenerAdapter - Downloaded https://repo.maven.apache.org/maven2/org/springframework/boot/spring-boot-starter-logging/1.3.6.RELEASE/spring-boot-starter-logging-1.3.6.RELEASE.pom
2016-07-21 23:05:25,918 [Worker-19] INFO  o.e.m.c.i.e.AbstractTransferListenerAdapter - https://repo.maven.apache.org/maven2/ch/qos/logback/logback-classic/1.1.7/logback-classic-1.1.7.pom のダウンロード中
2016-07-21 23:05:26,146 [Worker-19] INFO  o.e.m.c.i.e.AbstractTransferListenerAdapter - Downloaded https://repo.maven.apache.org/maven2/ch/qos/logback/logback-classic/1.1.7/logback-classic-1.1.7.pom
2016-07-21 23:05:26,354 [Worker-19] INFO  o.e.m.c.i.e.AbstractTransferListenerAdapter - https://repo.maven.apache.org/maven2/ch/qos/logback/logback-parent/1.1.7/logback-parent-1.1.7.pom のダウンロード中
2016-07-21 23:05:26,584 [Worker-19] INFO  o.e.m.c.i.e.AbstractTransferListenerAdapter - Downloaded https://repo.maven.apache.org/maven2/ch/qos/logback/logback-parent/1.1.7/logback-parent-1.1.7.pom
2016-07-21 23:05:26,788 [Worker-19] INFO  o.e.m.c.i.e.AbstractTransferListenerAdapter - https://repo.maven.apache.org/maven2/ch/qos/logback/logback-core/1.1.7/logback-core-1.1.7.pom のダウンロード中
2016-07-21 23:05:27,013 [Worker-19] INFO  o.e.m.c.i.e.AbstractTransferListenerAdapter - Downloaded https://repo.maven.apache.org/maven2/ch/qos/logback/logback-core/1.1.7/logback-core-1.1.7.pom
2016-07-21 23:05:27,245 [Worker-19] INFO  o.e.m.c.i.e.AbstractTransferListenerAdapter - https://repo.maven.apache.org/maven2/org/slf4j/slf4j-api/1.7.21/slf4j-api-1.7.21.pom のダウンロード中
2016-07-21 23:05:27,451 [Worker-19] INFO  o.e.m.c.i.e.AbstractTransferListenerAdapter - Downloaded https://repo.maven.apache.org/maven2/org/slf4j/slf4j-api/1.7.21/slf4j-api-1.7.21.pom
2016-07-21 23:05:27,681 [Worker-19] INFO  o.e.m.c.i.e.AbstractTransferListenerAdapter - https://repo.maven.apache.org/maven2/org/slf4j/slf4j-parent/1.7.21/slf4j-parent-1.7.21.pom のダウンロード中
2016-07-21 23:05:27,958 [Worker-19] INFO  o.e.m.c.i.e.AbstractTransferListenerAdapter - Downloaded https://repo.maven.apache.org/maven2/org/slf4j/slf4j-parent/1.7.21/slf4j-parent-1.7.21.pom
2016-07-21 23:05:28,268 [Worker-19] INFO  o.e.m.c.i.e.AbstractTransferListenerAdapter - https://repo.maven.apache.org/maven2/org/slf4j/jcl-over-slf4j/1.7.21/jcl-over-slf4j-1.7.21.pom のダウンロード中
2016-07-21 23:05:28,511 [Worker-19] INFO  o.e.m.c.i.e.AbstractTransferListenerAdapter - Downloaded https://repo.maven.apache.org/maven2/org/slf4j/jcl-over-slf4j/1.7.21/jcl-over-slf4j-1.7.21.pom
2016-07-21 23:05:28,878 [Worker-19] INFO  o.e.m.c.i.e.AbstractTransferListenerAdapter - https://repo.maven.apache.org/maven2/org/slf4j/jul-to-slf4j/1.7.21/jul-to-slf4j-1.7.21.pom のダウンロード中
2016-07-21 23:05:29,071 [Worker-19] INFO  o.e.m.c.i.e.AbstractTransferListenerAdapter - Downloaded https://repo.maven.apache.org/maven2/org/slf4j/jul-to-slf4j/1.7.21/jul-to-slf4j-1.7.21.pom
2016-07-21 23:05:29,294 [Worker-19] INFO  o.e.m.c.i.e.AbstractTransferListenerAdapter - https://repo.maven.apache.org/maven2/org/slf4j/log4j-over-slf4j/1.7.21/log4j-over-slf4j-1.7.21.pom のダウンロード中
2016-07-21 23:05:29,528 [Worker-19] INFO  o.e.m.c.i.e.AbstractTransferListenerAdapter - Downloaded https://repo.maven.apache.org/maven2/org/slf4j/log4j-over-slf4j/1.7.21/log4j-over-slf4j-1.7.21.pom
2016-07-21 23:05:29,744 [Worker-19] INFO  o.e.m.c.i.e.AbstractTransferListenerAdapter - https://repo.maven.apache.org/maven2/org/yaml/snakeyaml/1.16/snakeyaml-1.16.pom のダウンロード中
2016-07-21 23:05:29,996 [Worker-19] INFO  o.e.m.c.i.e.AbstractTransferListenerAdapter - Downloaded https://repo.maven.apache.org/maven2/org/yaml/snakeyaml/1.16/snakeyaml-1.16.pom
2016-07-21 23:05:30,216 [Worker-19] INFO  o.e.m.c.i.e.AbstractTransferListenerAdapter - https://repo.maven.apache.org/maven2/org/springframework/boot/spring-boot-starter-tomcat/1.3.6.RELEASE/spring-boot-starter-tomcat-1.3.6.RELEASE.pom のダウンロード中
2016-07-21 23:05:30,518 [Worker-19] INFO  o.e.m.c.i.e.AbstractTransferListenerAdapter - Downloaded https://repo.maven.apache.org/maven2/org/springframework/boot/spring-boot-starter-tomcat/1.3.6.RELEASE/spring-boot-starter-tomcat-1.3.6.RELEASE.pom
2016-07-21 23:05:30,710 [Worker-19] INFO  o.e.m.c.i.e.AbstractTransferListenerAdapter - https://repo.maven.apache.org/maven2/org/apache/tomcat/embed/tomcat-embed-core/8.0.36/tomcat-embed-core-8.0.36.pom のダウンロード中
2016-07-21 23:05:30,892 [Worker-19] INFO  o.e.m.c.i.e.AbstractTransferListenerAdapter - Downloaded https://repo.maven.apache.org/maven2/org/apache/tomcat/embed/tomcat-embed-core/8.0.36/tomcat-embed-core-8.0.36.pom
2016-07-21 23:05:31,233 [Worker-19] INFO  o.e.m.c.i.e.AbstractTransferListenerAdapter - https://repo.maven.apache.org/maven2/org/apache/tomcat/embed/tomcat-embed-el/8.0.36/tomcat-embed-el-8.0.36.pom のダウンロード中
2016-07-21 23:05:31,435 [Worker-19] INFO  o.e.m.c.i.e.AbstractTransferListenerAdapter - Downloaded https://repo.maven.apache.org/maven2/org/apache/tomcat/embed/tomcat-embed-el/8.0.36/tomcat-embed-el-8.0.36.pom
2016-07-21 23:05:31,636 [Worker-19] INFO  o.e.m.c.i.e.AbstractTransferListenerAdapter - https://repo.maven.apache.org/maven2/org/apache/tomcat/embed/tomcat-embed-logging-juli/8.0.36/tomcat-embed-logging-juli-8.0.36.pom のダウンロード中
2016-07-21 23:05:31,830 [Worker-19] INFO  o.e.m.c.i.e.AbstractTransferListenerAdapter - Downloaded https://repo.maven.apache.org/maven2/org/apache/tomcat/embed/tomcat-embed-logging-juli/8.0.36/tomcat-embed-logging-juli-8.0.36.pom
2016-07-21 23:05:32,040 [Worker-19] INFO  o.e.m.c.i.e.AbstractTransferListenerAdapter - https://repo.maven.apache.org/maven2/org/apache/tomcat/embed/tomcat-embed-websocket/8.0.36/tomcat-embed-websocket-8.0.36.pom のダウンロード中
2016-07-21 23:05:32,363 [Worker-19] INFO  o.e.m.c.i.e.AbstractTransferListenerAdapter - Downloaded https://repo.maven.apache.org/maven2/org/apache/tomcat/embed/tomcat-embed-websocket/8.0.36/tomcat-embed-websocket-8.0.36.pom
2016-07-21 23:05:32,602 [Worker-19] INFO  o.e.m.c.i.e.AbstractTransferListenerAdapter - https://repo.maven.apache.org/maven2/org/springframework/boot/spring-boot-starter-validation/1.3.6.RELEASE/spring-boot-starter-validation-1.3.6.RELEASE.pom のダウンロード中
2016-07-21 23:05:32,872 [Worker-19] INFO  o.e.m.c.i.e.AbstractTransferListenerAdapter - Downloaded https://repo.maven.apache.org/maven2/org/springframework/boot/spring-boot-starter-validation/1.3.6.RELEASE/spring-boot-starter-validation-1.3.6.RELEASE.pom
2016-07-21 23:05:33,119 [Worker-19] INFO  o.e.m.c.i.e.AbstractTransferListenerAdapter - https://repo.maven.apache.org/maven2/org/hibernate/hibernate-validator/5.2.4.Final/hibernate-validator-5.2.4.Final.pom のダウンロード中
2016-07-21 23:05:33,352 [Worker-19] INFO  o.e.m.c.i.e.AbstractTransferListenerAdapter - Downloaded https://repo.maven.apache.org/maven2/org/hibernate/hibernate-validator/5.2.4.Final/hibernate-validator-5.2.4.Final.pom
2016-07-21 23:05:33,553 [Worker-19] INFO  o.e.m.c.i.e.AbstractTransferListenerAdapter - https://repo.maven.apache.org/maven2/org/hibernate/hibernate-validator-parent/5.2.4.Final/hibernate-validator-parent-5.2.4.Final.pom のダウンロード中
2016-07-21 23:05:33,897 [Worker-19] INFO  o.e.m.c.i.e.AbstractTransferListenerAdapter - Downloaded https://repo.maven.apache.org/maven2/org/hibernate/hibernate-validator-parent/5.2.4.Final/hibernate-validator-parent-5.2.4.Final.pom
2016-07-21 23:05:34,139 [Worker-19] INFO  o.e.m.c.i.e.AbstractTransferListenerAdapter - https://repo.maven.apache.org/maven2/org/jboss/arquillian/arquillian-bom/1.1.9.Final/arquillian-bom-1.1.9.Final.pom のダウンロード中
2016-07-21 23:05:34,362 [Worker-19] INFO  o.e.m.c.i.e.AbstractTransferListenerAdapter - Downloaded https://repo.maven.apache.org/maven2/org/jboss/arquillian/arquillian-bom/1.1.9.Final/arquillian-bom-1.1.9.Final.pom
2016-07-21 23:05:35,111 [Worker-19] INFO  o.e.m.c.i.e.AbstractTransferListenerAdapter - Downloaded http://repo.spring.io/ext-release-local/org/jboss/shrinkwrap/shrinkwrap-bom/1.2.2/shrinkwrap-bom-1.2.2.pom
2016-07-21 23:05:35,740 [Worker-19] INFO  o.e.m.c.i.e.AbstractTransferListenerAdapter - Downloaded http://repo.spring.io/milestone/org/jboss/shrinkwrap/shrinkwrap-bom/1.2.2/shrinkwrap-bom-1.2.2.pom
2016-07-21 23:05:36,355 [Worker-19] INFO  o.e.m.c.i.e.AbstractTransferListenerAdapter - Downloaded http://repo.spring.io/snapshot/org/jboss/shrinkwrap/shrinkwrap-bom/1.2.2/shrinkwrap-bom-1.2.2.pom
2016-07-21 23:05:36,549 [Worker-19] INFO  o.e.m.c.i.e.AbstractTransferListenerAdapter - https://repo.maven.apache.org/maven2/org/jboss/shrinkwrap/shrinkwrap-bom/1.2.2/shrinkwrap-bom-1.2.2.pom のダウンロード中
2016-07-21 23:05:36,768 [Worker-19] INFO  o.e.m.c.i.e.AbstractTransferListenerAdapter - Downloaded https://repo.maven.apache.org/maven2/org/jboss/shrinkwrap/shrinkwrap-bom/1.2.2/shrinkwrap-bom-1.2.2.pom
2016-07-21 23:05:37,376 [Worker-19] INFO  o.e.m.c.i.e.AbstractTransferListenerAdapter - Downloaded http://repo.spring.io/ext-release-local/org/jboss/shrinkwrap/resolver/shrinkwrap-resolver-bom/2.1.1/shrinkwrap-resolver-bom-2.1.1.pom
2016-07-21 23:05:38,093 [Worker-19] INFO  o.e.m.c.i.e.AbstractTransferListenerAdapter - Downloaded http://repo.spring.io/milestone/org/jboss/shrinkwrap/resolver/shrinkwrap-resolver-bom/2.1.1/shrinkwrap-resolver-bom-2.1.1.pom
2016-07-21 23:05:38,710 [Worker-19] INFO  o.e.m.c.i.e.AbstractTransferListenerAdapter - Downloaded http://repo.spring.io/snapshot/org/jboss/shrinkwrap/resolver/shrinkwrap-resolver-bom/2.1.1/shrinkwrap-resolver-bom-2.1.1.pom
2016-07-21 23:05:38,929 [Worker-19] INFO  o.e.m.c.i.e.AbstractTransferListenerAdapter - https://repo.maven.apache.org/maven2/org/jboss/shrinkwrap/resolver/shrinkwrap-resolver-bom/2.1.1/shrinkwrap-resolver-bom-2.1.1.pom のダウンロード中
2016-07-21 23:05:39,162 [Worker-19] INFO  o.e.m.c.i.e.AbstractTransferListenerAdapter - Downloaded https://repo.maven.apache.org/maven2/org/jboss/shrinkwrap/resolver/shrinkwrap-resolver-bom/2.1.1/shrinkwrap-resolver-bom-2.1.1.pom
2016-07-21 23:05:39,831 [Worker-19] INFO  o.e.m.c.i.e.AbstractTransferListenerAdapter - Downloaded http://repo.spring.io/ext-release-local/org/jboss/shrinkwrap/descriptors/shrinkwrap-descriptors-bom/2.0.0-alpha-7/shrinkwrap-descriptors-bom-2.0.0-alpha-7.pom
2016-07-21 23:05:40,449 [Worker-19] INFO  o.e.m.c.i.e.AbstractTransferListenerAdapter - Downloaded http://repo.spring.io/milestone/org/jboss/shrinkwrap/descriptors/shrinkwrap-descriptors-bom/2.0.0-alpha-7/shrinkwrap-descriptors-bom-2.0.0-alpha-7.pom
2016-07-21 23:05:41,062 [Worker-19] INFO  o.e.m.c.i.e.AbstractTransferListenerAdapter - Downloaded http://repo.spring.io/snapshot/org/jboss/shrinkwrap/descriptors/shrinkwrap-descriptors-bom/2.0.0-alpha-7/shrinkwrap-descriptors-bom-2.0.0-alpha-7.pom
2016-07-21 23:05:41,255 [Worker-19] INFO  o.e.m.c.i.e.AbstractTransferListenerAdapter - https://repo.maven.apache.org/maven2/org/jboss/shrinkwrap/descriptors/shrinkwrap-descriptors-bom/2.0.0-alpha-7/shrinkwrap-descriptors-bom-2.0.0-alpha-7.pom のダウンロード中
2016-07-21 23:05:41,467 [Worker-19] INFO  o.e.m.c.i.e.AbstractTransferListenerAdapter - Downloaded https://repo.maven.apache.org/maven2/org/jboss/shrinkwrap/descriptors/shrinkwrap-descriptors-bom/2.0.0-alpha-7/shrinkwrap-descriptors-bom-2.0.0-alpha-7.pom
2016-07-21 23:05:41,992 [Worker-19] INFO  o.e.m.c.i.e.AbstractTransferListenerAdapter - https://repo.maven.apache.org/maven2/com/fasterxml/classmate/1.1.0/classmate-1.1.0.pom のダウンロード中
2016-07-21 23:05:42,202 [Worker-19] INFO  o.e.m.c.i.e.AbstractTransferListenerAdapter - Downloaded https://repo.maven.apache.org/maven2/com/fasterxml/classmate/1.1.0/classmate-1.1.0.pom
2016-07-21 23:05:42,459 [Worker-19] INFO  o.e.m.c.i.e.AbstractTransferListenerAdapter - https://repo.maven.apache.org/maven2/com/fasterxml/jackson/core/jackson-databind/2.6.7/jackson-databind-2.6.7.pom のダウンロード中
2016-07-21 23:05:42,693 [Worker-19] INFO  o.e.m.c.i.e.AbstractTransferListenerAdapter - Downloaded https://repo.maven.apache.org/maven2/com/fasterxml/jackson/core/jackson-databind/2.6.7/jackson-databind-2.6.7.pom
2016-07-21 23:05:42,930 [Worker-19] INFO  o.e.m.c.i.e.AbstractTransferListenerAdapter - https://repo.maven.apache.org/maven2/com/fasterxml/jackson/jackson-parent/2.6.2/jackson-parent-2.6.2.pom のダウンロード中
2016-07-21 23:05:43,140 [Worker-19] INFO  o.e.m.c.i.e.AbstractTransferListenerAdapter - Downloaded https://repo.maven.apache.org/maven2/com/fasterxml/jackson/jackson-parent/2.6.2/jackson-parent-2.6.2.pom
2016-07-21 23:05:43,453 [Worker-19] INFO  o.e.m.c.i.e.AbstractTransferListenerAdapter - https://repo.maven.apache.org/maven2/com/fasterxml/jackson/core/jackson-annotations/2.6.7/jackson-annotations-2.6.7.pom のダウンロード中
2016-07-21 23:05:43,654 [Worker-19] INFO  o.e.m.c.i.e.AbstractTransferListenerAdapter - Downloaded https://repo.maven.apache.org/maven2/com/fasterxml/jackson/core/jackson-annotations/2.6.7/jackson-annotations-2.6.7.pom
2016-07-21 23:05:43,870 [Worker-19] INFO  o.e.m.c.i.e.AbstractTransferListenerAdapter - https://repo.maven.apache.org/maven2/com/fasterxml/jackson/jackson-parent/2.6.1/jackson-parent-2.6.1.pom のダウンロード中
2016-07-21 23:05:44,097 [Worker-19] INFO  o.e.m.c.i.e.AbstractTransferListenerAdapter - Downloaded https://repo.maven.apache.org/maven2/com/fasterxml/jackson/jackson-parent/2.6.1/jackson-parent-2.6.1.pom
2016-07-21 23:05:44,298 [Worker-19] INFO  o.e.m.c.i.e.AbstractTransferListenerAdapter - https://repo.maven.apache.org/maven2/com/fasterxml/oss-parent/23/oss-parent-23.pom のダウンロード中
2016-07-21 23:05:44,528 [Worker-19] INFO  o.e.m.c.i.e.AbstractTransferListenerAdapter - Downloaded https://repo.maven.apache.org/maven2/com/fasterxml/oss-parent/23/oss-parent-23.pom
2016-07-21 23:05:44,714 [Worker-19] INFO  o.e.m.c.i.e.AbstractTransferListenerAdapter - https://repo.maven.apache.org/maven2/com/fasterxml/jackson/core/jackson-core/2.6.7/jackson-core-2.6.7.pom のダウンロード中
2016-07-21 23:05:44,909 [Worker-19] INFO  o.e.m.c.i.e.AbstractTransferListenerAdapter - Downloaded https://repo.maven.apache.org/maven2/com/fasterxml/jackson/core/jackson-core/2.6.7/jackson-core-2.6.7.pom
2016-07-21 23:05:45,093 [Worker-19] INFO  o.e.m.c.i.e.AbstractTransferListenerAdapter - https://repo.maven.apache.org/maven2/org/springframework/spring-web/4.2.7.RELEASE/spring-web-4.2.7.RELEASE.pom のダウンロード中
2016-07-21 23:05:45,302 [Worker-19] INFO  o.e.m.c.i.e.AbstractTransferListenerAdapter - Downloaded https://repo.maven.apache.org/maven2/org/springframework/spring-web/4.2.7.RELEASE/spring-web-4.2.7.RELEASE.pom
2016-07-21 23:05:45,673 [Worker-19] INFO  o.e.m.c.i.e.AbstractTransferListenerAdapter - https://repo.maven.apache.org/maven2/org/springframework/spring-webmvc/4.2.7.RELEASE/spring-webmvc-4.2.7.RELEASE.pom のダウンロード中
2016-07-21 23:05:45,910 [Worker-19] INFO  o.e.m.c.i.e.AbstractTransferListenerAdapter - Downloaded https://repo.maven.apache.org/maven2/org/springframework/spring-webmvc/4.2.7.RELEASE/spring-webmvc-4.2.7.RELEASE.pom
2016-07-21 23:05:46,127 [Worker-19] INFO  o.e.m.c.i.e.AbstractTransferListenerAdapter - https://repo.maven.apache.org/maven2/org/springframework/boot/spring-boot-starter-test/1.3.6.RELEASE/spring-boot-starter-test-1.3.6.RELEASE.pom のダウンロード中
2016-07-21 23:05:46,318 [Worker-19] INFO  o.e.m.c.i.e.AbstractTransferListenerAdapter - Downloaded https://repo.maven.apache.org/maven2/org/springframework/boot/spring-boot-starter-test/1.3.6.RELEASE/spring-boot-starter-test-1.3.6.RELEASE.pom
2016-07-21 23:05:46,665 [Worker-19] INFO  o.e.m.c.i.e.AbstractTransferListenerAdapter - https://repo.maven.apache.org/maven2/org/mockito/mockito-core/1.10.19/mockito-core-1.10.19.pom のダウンロード中
2016-07-21 23:05:46,852 [Worker-19] INFO  o.e.m.c.i.e.AbstractTransferListenerAdapter - Downloaded https://repo.maven.apache.org/maven2/org/mockito/mockito-core/1.10.19/mockito-core-1.10.19.pom
2016-07-21 23:05:47,169 [Worker-19] INFO  o.e.m.c.i.e.AbstractTransferListenerAdapter - https://repo.maven.apache.org/maven2/org/springframework/spring-test/4.2.7.RELEASE/spring-test-4.2.7.RELEASE.pom のダウンロード中
2016-07-21 23:05:47,516 [Worker-19] INFO  o.e.m.c.i.e.AbstractTransferListenerAdapter - Downloaded https://repo.maven.apache.org/maven2/org/springframework/spring-test/4.2.7.RELEASE/spring-test-4.2.7.RELEASE.pom
2016-07-21 23:05:47,783 [Worker-19] INFO  o.e.m.c.i.e.AbstractTransferListenerAdapter - https://repo.maven.apache.org/maven2/org/springframework/boot/spring-boot-starter-web/1.3.6.RELEASE/spring-boot-starter-web-1.3.6.RELEASE.jar のダウンロード中
2016-07-21 23:05:48,028 [Worker-19] INFO  o.e.m.c.i.e.AbstractTransferListenerAdapter - Downloaded https://repo.maven.apache.org/maven2/org/springframework/boot/spring-boot-starter-web/1.3.6.RELEASE/spring-boot-starter-web-1.3.6.RELEASE.jar
2016-07-21 23:05:48,244 [Worker-19] INFO  o.e.m.c.i.e.AbstractTransferListenerAdapter - https://repo.maven.apache.org/maven2/org/springframework/boot/spring-boot-starter/1.3.6.RELEASE/spring-boot-starter-1.3.6.RELEASE.jar のダウンロード中
2016-07-21 23:05:48,482 [Worker-19] INFO  o.e.m.c.i.e.AbstractTransferListenerAdapter - Downloaded https://repo.maven.apache.org/maven2/org/springframework/boot/spring-boot-starter/1.3.6.RELEASE/spring-boot-starter-1.3.6.RELEASE.jar
2016-07-21 23:05:48,675 [Worker-19] INFO  o.e.m.c.i.e.AbstractTransferListenerAdapter - https://repo.maven.apache.org/maven2/org/springframework/boot/spring-boot/1.3.6.RELEASE/spring-boot-1.3.6.RELEASE.jar のダウンロード中
2016-07-21 23:05:49,994 [Worker-19] INFO  o.e.m.c.i.e.AbstractTransferListenerAdapter - Downloaded https://repo.maven.apache.org/maven2/org/springframework/boot/spring-boot/1.3.6.RELEASE/spring-boot-1.3.6.RELEASE.jar
2016-07-21 23:05:50,491 [Worker-19] INFO  o.e.m.c.i.e.AbstractTransferListenerAdapter - https://repo.maven.apache.org/maven2/org/springframework/boot/spring-boot-autoconfigure/1.3.6.RELEASE/spring-boot-autoconfigure-1.3.6.RELEASE.jar のダウンロード中
2016-07-21 23:05:51,709 [Worker-19] INFO  o.e.m.c.i.e.AbstractTransferListenerAdapter - Downloaded https://repo.maven.apache.org/maven2/org/springframework/boot/spring-boot-autoconfigure/1.3.6.RELEASE/spring-boot-autoconfigure-1.3.6.RELEASE.jar
2016-07-21 23:05:51,898 [Worker-19] INFO  o.e.m.c.i.e.AbstractTransferListenerAdapter - https://repo.maven.apache.org/maven2/org/springframework/boot/spring-boot-starter-logging/1.3.6.RELEASE/spring-boot-starter-logging-1.3.6.RELEASE.jar のダウンロード中
2016-07-21 23:05:52,089 [Worker-19] INFO  o.e.m.c.i.e.AbstractTransferListenerAdapter - Downloaded https://repo.maven.apache.org/maven2/org/springframework/boot/spring-boot-starter-logging/1.3.6.RELEASE/spring-boot-starter-logging-1.3.6.RELEASE.jar
2016-07-21 23:05:52,263 [Worker-19] INFO  o.e.m.c.i.e.AbstractTransferListenerAdapter - https://repo.maven.apache.org/maven2/ch/qos/logback/logback-classic/1.1.7/logback-classic-1.1.7.jar のダウンロード中
2016-07-21 23:05:52,714 [Worker-19] INFO  o.e.m.c.i.e.AbstractTransferListenerAdapter - Downloaded https://repo.maven.apache.org/maven2/ch/qos/logback/logback-classic/1.1.7/logback-classic-1.1.7.jar
2016-07-21 23:05:52,909 [Worker-19] INFO  o.e.m.c.i.e.AbstractTransferListenerAdapter - https://repo.maven.apache.org/maven2/ch/qos/logback/logback-core/1.1.7/logback-core-1.1.7.jar のダウンロード中
2016-07-21 23:05:53,521 [Worker-19] INFO  o.e.m.c.i.e.AbstractTransferListenerAdapter - Downloaded https://repo.maven.apache.org/maven2/ch/qos/logback/logback-core/1.1.7/logback-core-1.1.7.jar
2016-07-21 23:05:53,752 [Worker-19] INFO  o.e.m.c.i.e.AbstractTransferListenerAdapter - https://repo.maven.apache.org/maven2/org/slf4j/slf4j-api/1.7.21/slf4j-api-1.7.21.jar のダウンロード中
2016-07-21 23:05:53,950 [Worker-19] INFO  o.e.m.c.i.e.AbstractTransferListenerAdapter - Downloaded https://repo.maven.apache.org/maven2/org/slf4j/slf4j-api/1.7.21/slf4j-api-1.7.21.jar
2016-07-21 23:05:54,169 [Worker-19] INFO  o.e.m.c.i.e.AbstractTransferListenerAdapter - https://repo.maven.apache.org/maven2/org/slf4j/jcl-over-slf4j/1.7.21/jcl-over-slf4j-1.7.21.jar のダウンロード中
2016-07-21 23:05:54,380 [Worker-19] INFO  o.e.m.c.i.e.AbstractTransferListenerAdapter - Downloaded https://repo.maven.apache.org/maven2/org/slf4j/jcl-over-slf4j/1.7.21/jcl-over-slf4j-1.7.21.jar
2016-07-21 23:05:54,584 [Worker-19] INFO  o.e.m.c.i.e.AbstractTransferListenerAdapter - https://repo.maven.apache.org/maven2/org/slf4j/jul-to-slf4j/1.7.21/jul-to-slf4j-1.7.21.jar のダウンロード中
2016-07-21 23:05:54,811 [Worker-19] INFO  o.e.m.c.i.e.AbstractTransferListenerAdapter - Downloaded https://repo.maven.apache.org/maven2/org/slf4j/jul-to-slf4j/1.7.21/jul-to-slf4j-1.7.21.jar
2016-07-21 23:05:55,015 [Worker-19] INFO  o.e.m.c.i.e.AbstractTransferListenerAdapter - https://repo.maven.apache.org/maven2/org/slf4j/log4j-over-slf4j/1.7.21/log4j-over-slf4j-1.7.21.jar のダウンロード中
2016-07-21 23:05:55,400 [Worker-19] INFO  o.e.m.c.i.e.AbstractTransferListenerAdapter - Downloaded https://repo.maven.apache.org/maven2/org/slf4j/log4j-over-slf4j/1.7.21/log4j-over-slf4j-1.7.21.jar
2016-07-21 23:05:55,608 [Worker-19] INFO  o.e.m.c.i.e.AbstractTransferListenerAdapter - https://repo.maven.apache.org/maven2/org/yaml/snakeyaml/1.16/snakeyaml-1.16.jar のダウンロード中
2016-07-21 23:05:56,052 [Worker-19] INFO  o.e.m.c.i.e.AbstractTransferListenerAdapter - Downloaded https://repo.maven.apache.org/maven2/org/yaml/snakeyaml/1.16/snakeyaml-1.16.jar
2016-07-21 23:05:56,272 [Worker-19] INFO  o.e.m.c.i.e.AbstractTransferListenerAdapter - https://repo.maven.apache.org/maven2/org/springframework/boot/spring-boot-starter-tomcat/1.3.6.RELEASE/spring-boot-starter-tomcat-1.3.6.RELEASE.jar のダウンロード中
2016-07-21 23:05:56,480 [Worker-19] INFO  o.e.m.c.i.e.AbstractTransferListenerAdapter - Downloaded https://repo.maven.apache.org/maven2/org/springframework/boot/spring-boot-starter-tomcat/1.3.6.RELEASE/spring-boot-starter-tomcat-1.3.6.RELEASE.jar
2016-07-21 23:05:56,686 [Worker-19] INFO  o.e.m.c.i.e.AbstractTransferListenerAdapter - https://repo.maven.apache.org/maven2/org/apache/tomcat/embed/tomcat-embed-core/8.0.36/tomcat-embed-core-8.0.36.jar のダウンロード中
2016-07-21 23:05:59,792 [Worker-19] INFO  o.e.m.c.i.e.AbstractTransferListenerAdapter - Downloaded https://repo.maven.apache.org/maven2/org/apache/tomcat/embed/tomcat-embed-core/8.0.36/tomcat-embed-core-8.0.36.jar
2016-07-21 23:06:00,018 [Worker-19] INFO  o.e.m.c.i.e.AbstractTransferListenerAdapter - https://repo.maven.apache.org/maven2/org/apache/tomcat/embed/tomcat-embed-el/8.0.36/tomcat-embed-el-8.0.36.jar のダウンロード中
2016-07-21 23:06:00,561 [Worker-19] INFO  o.e.m.c.i.e.AbstractTransferListenerAdapter - Downloaded https://repo.maven.apache.org/maven2/org/apache/tomcat/embed/tomcat-embed-el/8.0.36/tomcat-embed-el-8.0.36.jar
2016-07-21 23:06:00,776 [Worker-19] INFO  o.e.m.c.i.e.AbstractTransferListenerAdapter - https://repo.maven.apache.org/maven2/org/apache/tomcat/embed/tomcat-embed-logging-juli/8.0.36/tomcat-embed-logging-juli-8.0.36.jar のダウンロード中
2016-07-21 23:06:00,990 [Worker-19] INFO  o.e.m.c.i.e.AbstractTransferListenerAdapter - Downloaded https://repo.maven.apache.org/maven2/org/apache/tomcat/embed/tomcat-embed-logging-juli/8.0.36/tomcat-embed-logging-juli-8.0.36.jar
2016-07-21 23:06:01,167 [Worker-19] INFO  o.e.m.c.i.e.AbstractTransferListenerAdapter - https://repo.maven.apache.org/maven2/org/apache/tomcat/embed/tomcat-embed-websocket/8.0.36/tomcat-embed-websocket-8.0.36.jar のダウンロード中
2016-07-21 23:06:01,520 [Worker-19] INFO  o.e.m.c.i.e.AbstractTransferListenerAdapter - Downloaded https://repo.maven.apache.org/maven2/org/apache/tomcat/embed/tomcat-embed-websocket/8.0.36/tomcat-embed-websocket-8.0.36.jar
2016-07-21 23:06:01,721 [Worker-19] INFO  o.e.m.c.i.e.AbstractTransferListenerAdapter - https://repo.maven.apache.org/maven2/org/springframework/boot/spring-boot-starter-validation/1.3.6.RELEASE/spring-boot-starter-validation-1.3.6.RELEASE.jar のダウンロード中
2016-07-21 23:06:01,912 [Worker-19] INFO  o.e.m.c.i.e.AbstractTransferListenerAdapter - Downloaded https://repo.maven.apache.org/maven2/org/springframework/boot/spring-boot-starter-validation/1.3.6.RELEASE/spring-boot-starter-validation-1.3.6.RELEASE.jar
2016-07-21 23:06:02,108 [Worker-19] INFO  o.e.m.c.i.e.AbstractTransferListenerAdapter - https://repo.maven.apache.org/maven2/org/hibernate/hibernate-validator/5.2.4.Final/hibernate-validator-5.2.4.Final.jar のダウンロード中
2016-07-21 23:06:03,202 [Worker-19] INFO  o.e.m.c.i.e.AbstractTransferListenerAdapter - Downloaded https://repo.maven.apache.org/maven2/org/hibernate/hibernate-validator/5.2.4.Final/hibernate-validator-5.2.4.Final.jar
2016-07-21 23:06:03,379 [Worker-19] INFO  o.e.m.c.i.e.AbstractTransferListenerAdapter - https://repo.maven.apache.org/maven2/com/fasterxml/classmate/1.1.0/classmate-1.1.0.jar のダウンロード中
2016-07-21 23:06:03,798 [Worker-19] INFO  o.e.m.c.i.e.AbstractTransferListenerAdapter - Downloaded https://repo.maven.apache.org/maven2/com/fasterxml/classmate/1.1.0/classmate-1.1.0.jar
2016-07-21 23:06:04,024 [Worker-19] INFO  o.e.m.c.i.e.AbstractTransferListenerAdapter - https://repo.maven.apache.org/maven2/com/fasterxml/jackson/core/jackson-databind/2.6.7/jackson-databind-2.6.7.jar のダウンロード中
2016-07-21 23:06:05,668 [Worker-19] INFO  o.e.m.c.i.e.AbstractTransferListenerAdapter - Downloaded https://repo.maven.apache.org/maven2/com/fasterxml/jackson/core/jackson-databind/2.6.7/jackson-databind-2.6.7.jar
2016-07-21 23:06:05,904 [Worker-19] INFO  o.e.m.c.i.e.AbstractTransferListenerAdapter - https://repo.maven.apache.org/maven2/com/fasterxml/jackson/core/jackson-annotations/2.6.7/jackson-annotations-2.6.7.jar のダウンロード中
2016-07-21 23:06:06,169 [Worker-19] INFO  o.e.m.c.i.e.AbstractTransferListenerAdapter - Downloaded https://repo.maven.apache.org/maven2/com/fasterxml/jackson/core/jackson-annotations/2.6.7/jackson-annotations-2.6.7.jar
2016-07-21 23:06:06,367 [Worker-19] INFO  o.e.m.c.i.e.AbstractTransferListenerAdapter - https://repo.maven.apache.org/maven2/com/fasterxml/jackson/core/jackson-core/2.6.7/jackson-core-2.6.7.jar のダウンロード中
2016-07-21 23:06:06,904 [Worker-19] INFO  o.e.m.c.i.e.AbstractTransferListenerAdapter - Downloaded https://repo.maven.apache.org/maven2/com/fasterxml/jackson/core/jackson-core/2.6.7/jackson-core-2.6.7.jar
2016-07-21 23:06:07,097 [Worker-19] INFO  o.e.m.c.i.e.AbstractTransferListenerAdapter - https://repo.maven.apache.org/maven2/org/springframework/spring-web/4.2.7.RELEASE/spring-web-4.2.7.RELEASE.jar のダウンロード中
2016-07-21 23:06:07,958 [Worker-19] INFO  o.e.m.c.i.e.AbstractTransferListenerAdapter - Downloaded https://repo.maven.apache.org/maven2/org/springframework/spring-web/4.2.7.RELEASE/spring-web-4.2.7.RELEASE.jar
2016-07-21 23:06:08,189 [Worker-19] INFO  o.e.m.c.i.e.AbstractTransferListenerAdapter - https://repo.maven.apache.org/maven2/org/springframework/spring-aop/4.2.7.RELEASE/spring-aop-4.2.7.RELEASE.jar のダウンロード中
2016-07-21 23:06:08,744 [Worker-19] INFO  o.e.m.c.i.e.AbstractTransferListenerAdapter - Downloaded https://repo.maven.apache.org/maven2/org/springframework/spring-aop/4.2.7.RELEASE/spring-aop-4.2.7.RELEASE.jar
2016-07-21 23:06:08,958 [Worker-19] INFO  o.e.m.c.i.e.AbstractTransferListenerAdapter - https://repo.maven.apache.org/maven2/org/springframework/spring-beans/4.2.7.RELEASE/spring-beans-4.2.7.RELEASE.jar のダウンロード中
2016-07-21 23:06:09,788 [Worker-19] INFO  o.e.m.c.i.e.AbstractTransferListenerAdapter - Downloaded https://repo.maven.apache.org/maven2/org/springframework/spring-beans/4.2.7.RELEASE/spring-beans-4.2.7.RELEASE.jar
2016-07-21 23:06:09,996 [Worker-19] INFO  o.e.m.c.i.e.AbstractTransferListenerAdapter - https://repo.maven.apache.org/maven2/org/springframework/spring-context/4.2.7.RELEASE/spring-context-4.2.7.RELEASE.jar のダウンロード中
2016-07-21 23:06:11,393 [Worker-19] INFO  o.e.m.c.i.e.AbstractTransferListenerAdapter - Downloaded https://repo.maven.apache.org/maven2/org/springframework/spring-context/4.2.7.RELEASE/spring-context-4.2.7.RELEASE.jar
2016-07-21 23:06:11,636 [Worker-19] INFO  o.e.m.c.i.e.AbstractTransferListenerAdapter - https://repo.maven.apache.org/maven2/org/springframework/spring-webmvc/4.2.7.RELEASE/spring-webmvc-4.2.7.RELEASE.jar のダウンロード中
2016-07-21 23:06:13,589 [Worker-19] INFO  o.e.m.c.i.e.AbstractTransferListenerAdapter - Downloaded https://repo.maven.apache.org/maven2/org/springframework/spring-webmvc/4.2.7.RELEASE/spring-webmvc-4.2.7.RELEASE.jar
2016-07-21 23:06:13,780 [Worker-19] INFO  o.e.m.c.i.e.AbstractTransferListenerAdapter - https://repo.maven.apache.org/maven2/org/springframework/spring-expression/4.2.7.RELEASE/spring-expression-4.2.7.RELEASE.jar のダウンロード中
2016-07-21 23:06:14,333 [Worker-19] INFO  o.e.m.c.i.e.AbstractTransferListenerAdapter - Downloaded https://repo.maven.apache.org/maven2/org/springframework/spring-expression/4.2.7.RELEASE/spring-expression-4.2.7.RELEASE.jar
2016-07-21 23:06:14,522 [Worker-19] INFO  o.e.m.c.i.e.AbstractTransferListenerAdapter - https://repo.maven.apache.org/maven2/org/springframework/boot/spring-boot-starter-test/1.3.6.RELEASE/spring-boot-starter-test-1.3.6.RELEASE.jar のダウンロード中
2016-07-21 23:06:14,742 [Worker-19] INFO  o.e.m.c.i.e.AbstractTransferListenerAdapter - Downloaded https://repo.maven.apache.org/maven2/org/springframework/boot/spring-boot-starter-test/1.3.6.RELEASE/spring-boot-starter-test-1.3.6.RELEASE.jar
2016-07-21 23:06:14,944 [Worker-19] INFO  o.e.m.c.i.e.AbstractTransferListenerAdapter - https://repo.maven.apache.org/maven2/org/mockito/mockito-core/1.10.19/mockito-core-1.10.19.jar のダウンロード中
2016-07-21 23:06:16,392 [Worker-19] INFO  o.e.m.c.i.e.AbstractTransferListenerAdapter - Downloaded https://repo.maven.apache.org/maven2/org/mockito/mockito-core/1.10.19/mockito-core-1.10.19.jar
2016-07-21 23:06:16,592 [Worker-19] INFO  o.e.m.c.i.e.AbstractTransferListenerAdapter - https://repo.maven.apache.org/maven2/org/springframework/spring-core/4.2.7.RELEASE/spring-core-4.2.7.RELEASE.jar のダウンロード中
2016-07-21 23:06:18,339 [Worker-19] INFO  o.e.m.c.i.e.AbstractTransferListenerAdapter - Downloaded https://repo.maven.apache.org/maven2/org/springframework/spring-core/4.2.7.RELEASE/spring-core-4.2.7.RELEASE.jar
2016-07-21 23:06:18,545 [Worker-19] INFO  o.e.m.c.i.e.AbstractTransferListenerAdapter - https://repo.maven.apache.org/maven2/org/springframework/spring-test/4.2.7.RELEASE/spring-test-4.2.7.RELEASE.jar のダウンロード中
2016-07-21 23:06:21,702 [Worker-19] INFO  o.e.m.c.i.e.AbstractTransferListenerAdapter - Downloaded https://repo.maven.apache.org/maven2/org/springframework/spring-test/4.2.7.RELEASE/spring-test-4.2.7.RELEASE.jar
2016-07-21 23:06:24,067 [Worker-19] INFO  o.e.m.c.i.e.AbstractTransferListenerAdapter - https://repo.maven.apache.org/maven2/org/apache/maven/plugins/maven-surefire-plugin/2.18.1/maven-surefire-plugin-2.18.1.pom のダウンロード中
2016-07-21 23:06:24,288 [Worker-19] INFO  o.e.m.c.i.e.AbstractTransferListenerAdapter - Downloaded https://repo.maven.apache.org/maven2/org/apache/maven/plugins/maven-surefire-plugin/2.18.1/maven-surefire-plugin-2.18.1.pom
2016-07-21 23:06:24,690 [Worker-19] INFO  o.e.m.c.i.e.AbstractTransferListenerAdapter - https://repo.maven.apache.org/maven2/org/apache/maven/surefire/surefire/2.18.1/surefire-2.18.1.pom のダウンロード中
2016-07-21 23:06:25,155 [Worker-19] INFO  o.e.m.c.i.e.AbstractTransferListenerAdapter - Downloaded https://repo.maven.apache.org/maven2/org/apache/maven/surefire/surefire/2.18.1/surefire-2.18.1.pom
2016-07-21 23:06:27,309 [Worker-20] INFO  o.e.m.c.i.embedder.EclipseLogger - Using 'UTF-8' encoding to copy filtered resources.
2016-07-21 23:06:27,333 [Worker-20] INFO  o.e.m.c.i.embedder.EclipseLogger - Copying 1 resource
2016-07-21 23:06:27,374 [Worker-20] INFO  o.e.m.c.i.embedder.EclipseLogger - Copying 0 resource
2016-07-21 23:06:27,382 [Worker-20] INFO  o.e.m.c.i.embedder.EclipseLogger - Using 'UTF-8' encoding to copy filtered resources.
2016-07-21 23:06:27,382 [Worker-20] INFO  o.e.m.c.i.embedder.EclipseLogger - skip non existing resourceDirectory /Users/takamichi/Desktop/結合/white/demo/src/test/resources
2016-07-21 23:06:27,580 [Worker-19] INFO  o.e.m.j.i.AbstractJavaProjectConfigurator - Adding source folder /demo/src/main/java
2016-07-21 23:06:27,582 [Worker-19] INFO  o.e.m.j.i.AbstractJavaProjectConfigurator - Adding resource folder /demo/src/main/resources
2016-07-21 23:06:27,595 [Worker-19] INFO  o.e.m.j.i.AbstractJavaProjectConfigurator - Adding resource folder /demo/src/main/resources
2016-07-21 23:06:27,608 [Worker-19] INFO  o.e.m.j.i.AbstractJavaProjectConfigurator - Adding source folder /demo/src/test/java
2016-07-21 23:06:28,571 [Worker-19] INFO  o.e.m.c.i.p.ProjectConfigurationManager - Imported and configured 1 project(s) in 83 sec
2016-07-21 23:06:28,575 [Worker-19] INFO  o.e.m.c.i.p.ProjectConfigurationManager - Update started
2016-07-21 23:06:31,344 [Worker-19] INFO  o.e.m.c.i.l.LifecycleMappingFactory - Using org.eclipse.m2e.jdt.JarLifecycleMapping lifecycle mapping for MavenProject: com.example:demo:0.0.1-SNAPSHOT @ /Users/takamichi/Desktop/結合/white/demo/pom.xml.
2016-07-21 23:06:32,340 [Worker-19] INFO  o.e.m.j.i.AbstractJavaProjectConfigurator - Adding source folder /demo/src/main/java
2016-07-21 23:06:32,341 [Worker-19] INFO  o.e.m.j.i.AbstractJavaProjectConfigurator - Adding resource folder /demo/src/main/resources
2016-07-21 23:06:32,367 [Worker-19] INFO  o.e.m.j.i.AbstractJavaProjectConfigurator - Adding resource folder /demo/src/main/resources
2016-07-21 23:06:32,385 [Worker-19] INFO  o.e.m.j.i.AbstractJavaProjectConfigurator - Adding source folder /demo/src/test/java
2016-07-21 23:06:32,552 [Worker-19] INFO  o.e.m.c.i.p.ProjectConfigurationManager - Update completed: 3 sec
2016-07-21 23:06:37,907 [Worker-20] INFO  o.e.m.c.i.embedder.EclipseLogger - Using 'UTF-8' encoding to copy filtered resources.
2016-07-21 23:06:37,909 [Worker-20] INFO  o.e.m.c.i.embedder.EclipseLogger - Copying 1 resource
2016-07-21 23:06:37,949 [Worker-20] INFO  o.e.m.c.i.embedder.EclipseLogger - Copying 0 resource
2016-07-21 23:06:37,956 [Worker-20] INFO  o.e.m.c.i.embedder.EclipseLogger - Using 'UTF-8' encoding to copy filtered resources.
2016-07-21 23:06:37,956 [Worker-20] INFO  o.e.m.c.i.embedder.EclipseLogger - skip non existing resourceDirectory /Users/takamichi/Desktop/結合/white/demo/src/test/resources
2016-07-21 23:11:46,347 [Worker-21] INFO  o.e.m.c.i.embedder.EclipseLogger - Using 'UTF-8' encoding to copy filtered resources.
2016-07-21 23:11:46,421 [Worker-21] INFO  o.e.m.c.i.embedder.EclipseLogger - Copying 1 resource
2016-07-21 23:11:46,422 [Worker-21] INFO  o.e.m.c.i.embedder.EclipseLogger - Copying 0 resource
2016-07-21 23:11:46,425 [Worker-21] INFO  o.e.m.c.i.embedder.EclipseLogger - Using 'UTF-8' encoding to copy filtered resources.
2016-07-21 23:11:46,425 [Worker-21] INFO  o.e.m.c.i.embedder.EclipseLogger - skip non existing resourceDirectory /Users/takamichi/Desktop/結合/white/demo/src/test/resources
2016-07-21 23:12:45,142 [Worker-14] INFO  o.e.m.c.i.embedder.EclipseLogger - Using 'UTF-8' encoding to copy filtered resources.
2016-07-21 23:12:45,167 [Worker-14] INFO  o.e.m.c.i.embedder.EclipseLogger - Copying 1 resource
2016-07-21 23:12:45,168 [Worker-14] INFO  o.e.m.c.i.embedder.EclipseLogger - Copying 0 resource
2016-07-21 23:12:45,170 [Worker-14] INFO  o.e.m.c.i.embedder.EclipseLogger - Using 'UTF-8' encoding to copy filtered resources.
2016-07-21 23:12:45,171 [Worker-14] INFO  o.e.m.c.i.embedder.EclipseLogger - skip non existing resourceDirectory /Users/takamichi/Desktop/結合/white/demo/src/test/resources
2016-07-21 23:14:55,417 [Worker-14] INFO  o.e.m.c.i.embedder.EclipseLogger - Using 'UTF-8' encoding to copy filtered resources.
2016-07-21 23:14:55,440 [Worker-14] INFO  o.e.m.c.i.embedder.EclipseLogger - Copying 1 resource
2016-07-21 23:14:55,441 [Worker-14] INFO  o.e.m.c.i.embedder.EclipseLogger - Copying 0 resource
2016-07-21 23:14:55,448 [Worker-14] INFO  o.e.m.c.i.embedder.EclipseLogger - Using 'UTF-8' encoding to copy filtered resources.
2016-07-21 23:14:55,448 [Worker-14] INFO  o.e.m.c.i.embedder.EclipseLogger - skip non existing resourceDirectory /Users/takamichi/Desktop/結合/white/demo/src/test/resources
2016-07-21 23:20:36,509 [Worker-2] INFO  o.e.m.c.i.embedder.EclipseLogger - Using 'UTF-8' encoding to copy filtered resources.
2016-07-21 23:20:36,510 [Worker-2] INFO  o.e.m.c.i.embedder.EclipseLogger - Copying 1 resource
2016-07-21 23:20:36,511 [Worker-2] INFO  o.e.m.c.i.embedder.EclipseLogger - Copying 0 resource
2016-07-21 23:20:36,514 [Worker-2] INFO  o.e.m.c.i.embedder.EclipseLogger - Using 'UTF-8' encoding to copy filtered resources.
2016-07-21 23:20:36,515 [Worker-2] INFO  o.e.m.c.i.embedder.EclipseLogger - skip non existing resourceDirectory /Users/takamichi/Desktop/結合/white/demo/src/test/resources
2016-07-21 23:21:59,798 [Worker-24] INFO  o.e.m.c.i.embedder.EclipseLogger - Using 'UTF-8' encoding to copy filtered resources.
2016-07-21 23:21:59,798 [Worker-24] INFO  o.e.m.c.i.embedder.EclipseLogger - Copying 1 resource
2016-07-21 23:21:59,799 [Worker-24] INFO  o.e.m.c.i.embedder.EclipseLogger - Copying 0 resource
2016-07-21 23:21:59,801 [Worker-24] INFO  o.e.m.c.i.embedder.EclipseLogger - Using 'UTF-8' encoding to copy filtered resources.
2016-07-21 23:21:59,802 [Worker-24] INFO  o.e.m.c.i.embedder.EclipseLogger - skip non existing resourceDirectory /Users/takamichi/Desktop/結合/white/demo/src/test/resources
